[10:02:18] [main/INFO] [GradleStart]: Running with arguments: [--userProperties, {}, --assetsDir, C:/Users/ooooo/.gradle/caches/minecraft/assets, --assetIndex, 1.12, --accessToken{REDACTED}, --version, 1.12.2, --tweakClass, net.minecraftforge.fml.common.launcher.FMLTweaker, --tweakClass, net.minecraftforge.gradle.tweakers.CoremodTweaker]
[10:02:18] [main/INFO] [LaunchWrapper]: Loading tweak class name net.minecraftforge.fml.common.launcher.FMLTweaker
[10:02:18] [main/INFO] [LaunchWrapper]: Using primary tweak class name net.minecraftforge.fml.common.launcher.FMLTweaker
[10:02:18] [main/INFO] [LaunchWrapper]: Loading tweak class name net.minecraftforge.gradle.tweakers.CoremodTweaker
[10:02:18] [main/INFO] [LaunchWrapper]: Calling tweak class net.minecraftforge.fml.common.launcher.FMLTweaker
[10:02:18] [main/INFO] [FML]: Forge Mod Loader version 14.23.5.2838 for Minecraft 1.12.2 loading
[10:02:18] [main/INFO] [FML]: Java is Java HotSpot(TM) 64-Bit Server VM, version 1.8.0_231, running on Windows 10:amd64:10.0, installed at C:\Program Files\Java\jre1.8.0_231
[10:02:18] [main/ERROR] [FML]: Apache Maven library folder was not in the format expected. Using default libraries directory.
[10:02:18] [main/ERROR] [FML]: Full: C:\Users\ooooo\.gradle\caches\modules-2\files-2.1\org.apache.maven\maven-artifact\3.5.3\7dc72b6d6d8a6dced3d294ed54c2cc3515ade9f4\maven-artifact-3.5.3.jar
[10:02:18] [main/ERROR] [FML]: Trimmed: c:/users/ooooo/.gradle/caches/modules-2/files-2.1/org.apache.maven/maven-artifact/3.5.3/
[10:02:18] [main/INFO] [FML]: Managed to load a deobfuscated Minecraft name- we are in a deobfuscated environment. Skipping runtime deobfuscation
[10:02:18] [main/INFO] [FML]: Detected deobfuscated environment, loading log configs for colored console logs.
[10:02:19] [main/INFO] [FML]: Ignoring missing certificate for coremod FMLCorePlugin (net.minecraftforge.fml.relauncher.FMLCorePlugin), we are in deobf and it's a forge core plugin
[10:02:19] [main/INFO] [FML]: Ignoring missing certificate for coremod FMLForgePlugin (net.minecraftforge.classloading.FMLForgePlugin), we are in deobf and it's a forge core plugin
[10:02:19] [main/INFO] [FML]: Searching C:\Users\ooooo\Documents\Mine_Bike\MineBike_129\MinecraftMod\.\mods for mods
[10:02:19] [main/ERROR] [LaunchWrapper]: Unable to launch
java.lang.RuntimeException: An error occurred trying to configure the Minecraft home at C:\Users\ooooo\Documents\Mine_Bike\MineBike_129\MinecraftMod\. for Forge Mod Loader
	at net.minecraftforge.fml.relauncher.FMLLaunchHandler.setupHome(FMLLaunchHandler.java:111) ~[forgeSrc-1.12.2-14.23.5.2838.jar:?]
	at net.minecraftforge.fml.relauncher.FMLLaunchHandler.setupClient(FMLLaunchHandler.java:81) ~[forgeSrc-1.12.2-14.23.5.2838.jar:?]
	at net.minecraftforge.fml.relauncher.FMLLaunchHandler.configureForClientLaunch(FMLLaunchHandler.java:42) ~[forgeSrc-1.12.2-14.23.5.2838.jar:?]
	at net.minecraftforge.fml.common.launcher.FMLTweaker.injectIntoClassLoader(FMLTweaker.java:141) ~[forgeSrc-1.12.2-14.23.5.2838.jar:?]
	at net.minecraft.launchwrapper.Launch.launch(Launch.java:115) [launchwrapper-1.12.jar:?]
	at net.minecraft.launchwrapper.Launch.main(Launch.java:28) [launchwrapper-1.12.jar:?]
	at sun.reflect.NativeMethodAccessorImpl.invoke0(Native Method) ~[?:1.8.0_231]
	at sun.reflect.NativeMethodAccessorImpl.invoke(Unknown Source) ~[?:1.8.0_231]
	at sun.reflect.DelegatingMethodAccessorImpl.invoke(Unknown Source) ~[?:1.8.0_231]
	at java.lang.reflect.Method.invoke(Unknown Source) ~[?:1.8.0_231]
	at net.minecraftforge.gradle.GradleStartCommon.launch(GradleStartCommon.java:97) [start/:?]
	at GradleStart.main(GradleStart.java:25) [start/:?]
Caused by: java.lang.NoClassDefFoundError: cpw/mods/fml/relauncher/IFMLLoadingPlugin
	at java.lang.ClassLoader.defineClass1(Native Method) ~[?:1.8.0_231]
	at java.lang.ClassLoader.defineClass(Unknown Source) ~[?:1.8.0_231]
	at java.security.SecureClassLoader.defineClass(Unknown Source) ~[?:1.8.0_231]
	at java.net.URLClassLoader.defineClass(Unknown Source) ~[?:1.8.0_231]
	at java.net.URLClassLoader.access$100(Unknown Source) ~[?:1.8.0_231]
	at java.net.URLClassLoader$1.run(Unknown Source) ~[?:1.8.0_231]
	at java.net.URLClassLoader$1.run(Unknown Source) ~[?:1.8.0_231]
	at java.security.AccessController.doPrivileged(Native Method) ~[?:1.8.0_231]
	at java.net.URLClassLoader.findClass(Unknown Source) ~[?:1.8.0_231]
	at net.minecraft.launchwrapper.LaunchClassLoader.findClass(LaunchClassLoader.java:117) ~[launchwrapper-1.12.jar:?]
	at java.lang.ClassLoader.loadClass(Unknown Source) ~[?:1.8.0_231]
	at java.lang.ClassLoader.loadClass(Unknown Source) ~[?:1.8.0_231]
	at java.lang.Class.forName0(Native Method) ~[?:1.8.0_231]
	at java.lang.Class.forName(Unknown Source) ~[?:1.8.0_231]
	at net.minecraftforge.fml.relauncher.CoreModManager.loadCoreMod(CoreModManager.java:527) ~[forgeSrc-1.12.2-14.23.5.2838.jar:?]
	at net.minecraftforge.fml.relauncher.CoreModManager.discoverCoreMods(CoreModManager.java:451) ~[forgeSrc-1.12.2-14.23.5.2838.jar:?]
	at net.minecraftforge.fml.relauncher.CoreModManager.handleLaunch(CoreModManager.java:265) ~[forgeSrc-1.12.2-14.23.5.2838.jar:?]
	at net.minecraftforge.fml.relauncher.FMLLaunchHandler.setupHome(FMLLaunchHandler.java:107) ~[forgeSrc-1.12.2-14.23.5.2838.jar:?]
	... 11 more
Caused by: java.lang.ClassNotFoundException: cpw.mods.fml.relauncher.IFMLLoadingPlugin
	at net.minecraft.launchwrapper.LaunchClassLoader.findClass(LaunchClassLoader.java:191) ~[launchwrapper-1.12.jar:?]
	at java.lang.ClassLoader.loadClass(Unknown Source) ~[?:1.8.0_231]
	at java.lang.ClassLoader.loadClass(Unknown Source) ~[?:1.8.0_231]
	at java.lang.ClassLoader.defineClass1(Native Method) ~[?:1.8.0_231]
	at java.lang.ClassLoader.defineClass(Unknown Source) ~[?:1.8.0_231]
	at java.security.SecureClassLoader.defineClass(Unknown Source) ~[?:1.8.0_231]
	at java.net.URLClassLoader.defineClass(Unknown Source) ~[?:1.8.0_231]
	at java.net.URLClassLoader.access$100(Unknown Source) ~[?:1.8.0_231]
	at java.net.URLClassLoader$1.run(Unknown Source) ~[?:1.8.0_231]
	at java.net.URLClassLoader$1.run(Unknown Source) ~[?:1.8.0_231]
	at java.security.AccessController.doPrivileged(Native Method) ~[?:1.8.0_231]
	at java.net.URLClassLoader.findClass(Unknown Source) ~[?:1.8.0_231]
	at net.minecraft.launchwrapper.LaunchClassLoader.findClass(LaunchClassLoader.java:117) ~[launchwrapper-1.12.jar:?]
	at java.lang.ClassLoader.loadClass(Unknown Source) ~[?:1.8.0_231]
	at java.lang.ClassLoader.loadClass(Unknown Source) ~[?:1.8.0_231]
	at java.lang.Class.forName0(Native Method) ~[?:1.8.0_231]
	at java.lang.Class.forName(Unknown Source) ~[?:1.8.0_231]
	at net.minecraftforge.fml.relauncher.CoreModManager.loadCoreMod(CoreModManager.java:527) ~[forgeSrc-1.12.2-14.23.5.2838.jar:?]
	at net.minecraftforge.fml.relauncher.CoreModManager.discoverCoreMods(CoreModManager.java:451) ~[forgeSrc-1.12.2-14.23.5.2838.jar:?]
	at net.minecraftforge.fml.relauncher.CoreModManager.handleLaunch(CoreModManager.java:265) ~[forgeSrc-1.12.2-14.23.5.2838.jar:?]
	at net.minecraftforge.fml.relauncher.FMLLaunchHandler.setupHome(FMLLaunchHandler.java:107) ~[forgeSrc-1.12.2-14.23.5.2838.jar:?]
	... 11 more
Caused by: java.lang.NullPointerException
	at net.minecraft.launchwrapper.LaunchClassLoader.findClass(LaunchClassLoader.java:182) ~[launchwrapper-1.12.jar:?]
	at java.lang.ClassLoader.loadClass(Unknown Source) ~[?:1.8.0_231]
	at java.lang.ClassLoader.loadClass(Unknown Source) ~[?:1.8.0_231]
	at java.lang.ClassLoader.defineClass1(Native Method) ~[?:1.8.0_231]
	at java.lang.ClassLoader.defineClass(Unknown Source) ~[?:1.8.0_231]
	at java.security.SecureClassLoader.defineClass(Unknown Source) ~[?:1.8.0_231]
	at java.net.URLClassLoader.defineClass(Unknown Source) ~[?:1.8.0_231]
	at java.net.URLClassLoader.access$100(Unknown Source) ~[?:1.8.0_231]
	at java.net.URLClassLoader$1.run(Unknown Source) ~[?:1.8.0_231]
	at java.net.URLClassLoader$1.run(Unknown Source) ~[?:1.8.0_231]
	at java.security.AccessController.doPrivileged(Native Method) ~[?:1.8.0_231]
	at java.net.URLClassLoader.findClass(Unknown Source) ~[?:1.8.0_231]
	at net.minecraft.launchwrapper.LaunchClassLoader.findClass(LaunchClassLoader.java:117) ~[launchwrapper-1.12.jar:?]
	at java.lang.ClassLoader.loadClass(Unknown Source) ~[?:1.8.0_231]
	at java.lang.ClassLoader.loadClass(Unknown Source) ~[?:1.8.0_231]
	at java.lang.Class.forName0(Native Method) ~[?:1.8.0_231]
	at java.lang.Class.forName(Unknown Source) ~[?:1.8.0_231]
	at net.minecraftforge.fml.relauncher.CoreModManager.loadCoreMod(CoreModManager.java:527) ~[forgeSrc-1.12.2-14.23.5.2838.jar:?]
	at net.minecraftforge.fml.relauncher.CoreModManager.discoverCoreMods(CoreModManager.java:451) ~[forgeSrc-1.12.2-14.23.5.2838.jar:?]
	at net.minecraftforge.fml.relauncher.CoreModManager.handleLaunch(CoreModManager.java:265) ~[forgeSrc-1.12.2-14.23.5.2838.jar:?]
	at net.minecraftforge.fml.relauncher.FMLLaunchHandler.setupHome(FMLLaunchHandler.java:107) ~[forgeSrc-1.12.2-14.23.5.2838.jar:?]
	... 11 more
[10:02:19] [main/INFO] [STDERR]: [java.lang.ThreadGroup:uncaughtException:-1]: java.lang.reflect.InvocationTargetException
[10:02:19] [main/INFO] [STDERR]: [java.lang.ThreadGroup:uncaughtException:-1]: 	at sun.reflect.NativeMethodAccessorImpl.invoke0(Native Method)
[10:02:19] [main/INFO] [STDERR]: [java.lang.ThreadGroup:uncaughtException:-1]: 	at sun.reflect.NativeMethodAccessorImpl.invoke(Unknown Source)
[10:02:19] [main/INFO] [STDERR]: [java.lang.ThreadGroup:uncaughtException:-1]: 	at sun.reflect.DelegatingMethodAccessorImpl.invoke(Unknown Source)
[10:02:19] [main/INFO] [STDERR]: [java.lang.ThreadGroup:uncaughtException:-1]: 	at java.lang.reflect.Method.invoke(Unknown Source)
[10:02:19] [main/INFO] [STDERR]: [java.lang.ThreadGroup:uncaughtException:-1]: 	at net.minecraftforge.gradle.GradleStartCommon.launch(GradleStartCommon.java:97)
[10:02:19] [main/INFO] [STDERR]: [java.lang.ThreadGroup:uncaughtException:-1]: 	at GradleStart.main(GradleStart.java:25)
[10:02:19] [main/INFO] [STDERR]: [java.lang.ThreadGroup:uncaughtException:-1]: Caused by: net.minecraftforge.fml.relauncher.FMLSecurityManager$ExitTrappedException
[10:02:19] [main/INFO] [STDERR]: [java.lang.ThreadGroup:uncaughtException:-1]: 	at net.minecraftforge.fml.relauncher.FMLSecurityManager.checkPermission(FMLSecurityManager.java:49)
[10:02:19] [main/INFO] [STDERR]: [java.lang.ThreadGroup:uncaughtException:-1]: 	at java.lang.SecurityManager.checkExit(Unknown Source)
[10:02:19] [main/INFO] [STDERR]: [java.lang.ThreadGroup:uncaughtException:-1]: 	at java.lang.Runtime.exit(Unknown Source)
[10:02:19] [main/INFO] [STDERR]: [java.lang.ThreadGroup:uncaughtException:-1]: 	at java.lang.System.exit(Unknown Source)
[10:02:19] [main/INFO] [STDERR]: [java.lang.ThreadGroup:uncaughtException:-1]: 	at net.minecraft.launchwrapper.Launch.launch(Launch.java:138)
[10:02:19] [main/INFO] [STDERR]: [java.lang.ThreadGroup:uncaughtException:-1]: 	at net.minecraft.launchwrapper.Launch.main(Launch.java:28)
[10:02:19] [main/INFO] [STDERR]: [java.lang.ThreadGroup:uncaughtException:-1]: 	... 6 more
